<?xml version="1.0" encoding="UTF-8"?>
<!-- Generated by org.testng.reporters.JUnitReportReporter -->
<testsuite hostname="10812-LAP-0334" failures="1" tests="3" name="com.cucumberframework.options.TestNGTestRunner" time="63.836" errors="0" timestamp="2023-09-27T14:40:20 IST" skipped="0">
  <testcase classname="com.cucumberframework.options.TestNGTestRunner" name="runScenario" time="19.473"/>
  <testcase classname="com.cucumberframework.options.TestNGTestRunner" name="runScenario" time="21.729">
    <failure message="expected [No data] but found [Beetroot]" type="java.lang.AssertionError">
      <![CDATA[java.lang.AssertionError: expected [No data] but found [Beetroot]
at org.testng.Assert.fail(Assert.java:111)
at org.testng.Assert.failNotEquals(Assert.java:1578)
at org.testng.Assert.assertEqualsImpl(Assert.java:150)
at org.testng.Assert.assertEquals(Assert.java:132)
at org.testng.Assert.assertEquals(Assert.java:656)
at org.testng.Assert.assertEquals(Assert.java:666)
at com.cucumberframework.stepdefination.OffersPageStepDefination.validate_product_name_in_Offers_Page(OffersPageStepDefination.java:45)
at ✽.Validate product name in offers page matches with Landing Page(file:///C:/Users/coditas/eclipse-workspace/CucumberFramework/src/test/java/com/cucumberframework/features/searchProduct.feature:16)
]]>
    </failure>
  </testcase> <!-- runScenario -->
  <testcase classname="com.cucumberframework.options.TestNGTestRunner" name="runScenario" time="22.634"/>
</testsuite> <!-- com.cucumberframework.options.TestNGTestRunner -->
